2025-01-16 20:32:19.166 | INFO     | __main__:<module>:38 - Logging to file: logs\project_log.log
2025-01-16 20:32:19.167 | INFO     | __main__:main:60 - STARTING utils_logger.py
2025-01-16 20:32:19.167 | INFO     | __main__:log_example:51 - This is an example info message.
2025-01-16 20:32:19.168 | WARNING  | __main__:log_example:52 - This is an example warning message.
2025-01-16 20:32:19.168 | ERROR    | __main__:log_example:53 - This is an example error message.
2025-01-16 20:32:19.168 | INFO     | __main__:main:65 - View the log output at logs\project_log.log
2025-01-16 20:32:19.169 | INFO     | __main__:main:66 - EXITING utils_logger.py.
2025-01-16 21:18:13.887 | INFO     | utils_logger:<module>:38 - Logging to file: logs\project_log.log
2025-01-16 21:18:13.894 | INFO     | __main__:main:43 - START producer...
2025-01-16 21:18:13.895 | INFO     | __main__:main:44 - Generating 100 messages...
2025-01-16 21:18:13.895 | INFO     | __main__:get_message_interval:25 - Messages will be sent every 3 seconds.
2025-01-16 21:18:13.896 | INFO     | __main__:main:53 - I just loved a concert! It was fun.
2025-01-16 21:18:16.897 | INFO     | __main__:main:53 - I just watched a movie! It was shocking.
2025-01-16 21:18:19.898 | INFO     | __main__:main:53 - I just shared a concert! It was fun.
2025-01-16 21:18:22.899 | INFO     | __main__:main:53 - I just loved an app! It was shocking.
2025-01-16 21:18:25.900 | INFO     | __main__:main:53 - I just tried an app! It was shocking.
2025-01-16 21:18:28.902 | INFO     | __main__:main:53 - I just shared a wedding! It was inspiring.
2025-01-16 21:18:31.904 | INFO     | __main__:main:53 - I just loved a story! It was exciting.
2025-01-16 21:18:34.905 | INFO     | __main__:main:53 - I just experienced a concert! It was inspiring.
2025-01-16 21:18:37.906 | INFO     | __main__:main:53 - I just experienced a movie! It was inspiring.
2025-01-16 21:18:40.908 | INFO     | __main__:main:53 - I just tried a story! It was shocking.
2025-01-16 21:18:43.909 | INFO     | __main__:main:53 - I just shared a movie! It was puzzling.
2025-01-16 21:18:46.911 | INFO     | __main__:main:53 - I just watched a movie! It was puzzling.
2025-01-16 21:18:49.913 | INFO     | __main__:main:53 - I just shared a concert! It was boring.
2025-01-16 21:18:52.914 | INFO     | __main__:main:53 - I just loved a concert! It was weird.
2025-01-16 21:18:55.916 | INFO     | __main__:main:53 - I just watched an app! It was fun.
2025-01-16 21:18:58.917 | INFO     | __main__:main:53 - I just watched a movie! It was exciting.
2025-01-16 21:19:01.919 | INFO     | __main__:main:53 - I just loved a concert! It was inspiring.
2025-01-16 21:19:04.920 | INFO     | __main__:main:53 - I just shared a wedding! It was shocking.
2025-01-16 21:19:07.921 | INFO     | __main__:main:53 - I just tried a movie! It was puzzling.
2025-01-16 21:19:10.922 | INFO     | __main__:main:53 - I just loved a movie! It was inspiring.
2025-01-16 21:19:13.924 | INFO     | __main__:main:53 - I just shared a movie! It was puzzling.
2025-01-16 21:19:16.925 | INFO     | __main__:main:53 - I just experienced a story! It was shocking.
2025-01-16 21:19:19.927 | INFO     | __main__:main:53 - I just loved a concert! It was inspiring.
2025-01-16 21:19:22.928 | INFO     | __main__:main:53 - I just loved an app! It was fun.
2025-01-16 21:19:25.930 | INFO     | __main__:main:53 - I just tried a movie! It was puzzling.
2025-01-16 21:19:28.931 | INFO     | __main__:main:53 - I just experienced a movie! It was inspiring.
2025-01-16 21:19:31.933 | INFO     | __main__:main:53 - I just shared a movie! It was inspiring.
2025-01-16 21:19:34.934 | INFO     | __main__:main:53 - I just shared an app! It was fun.
2025-01-16 21:19:37.935 | INFO     | __main__:main:53 - I just experienced a concert! It was weird.
2025-01-16 21:19:40.936 | INFO     | __main__:main:53 - I just experienced a movie! It was exciting.
2025-01-16 21:19:43.937 | INFO     | __main__:main:53 - I just shared a concert! It was weird.
2025-01-16 21:19:46.938 | INFO     | __main__:main:53 - I just tried a wedding! It was shocking.
2025-01-16 21:19:49.939 | INFO     | __main__:main:53 - I just shared a story! It was fun.
2025-01-16 21:19:52.941 | INFO     | __main__:main:53 - I just watched a wedding! It was weird.
2025-01-16 21:19:55.942 | INFO     | __main__:main:53 - I just experienced a wedding! It was shocking.
2025-01-16 21:19:58.944 | INFO     | __main__:main:53 - I just experienced a story! It was weird.
2025-01-16 21:20:01.945 | INFO     | __main__:main:53 - I just watched a movie! It was exciting.
2025-01-16 21:20:04.947 | INFO     | __main__:main:53 - I just loved a movie! It was fun.
2025-01-16 21:20:07.948 | INFO     | __main__:main:53 - I just loved a concert! It was puzzling.
2025-01-16 21:20:10.951 | INFO     | __main__:main:53 - I just loved a story! It was fun.
2025-01-16 21:20:13.952 | INFO     | __main__:main:53 - I just tried an app! It was fun.
2025-01-16 21:20:16.953 | INFO     | __main__:main:53 - I just tried a concert! It was inspiring.
2025-01-16 21:20:19.954 | INFO     | __main__:main:53 - I just shared a concert! It was exciting.
2025-01-16 21:20:22.955 | INFO     | __main__:main:53 - I just loved an app! It was shocking.
2025-01-16 21:20:25.961 | INFO     | __main__:main:53 - I just shared a concert! It was shocking.
2025-01-16 21:20:28.963 | INFO     | __main__:main:53 - I just loved a wedding! It was fun.
2025-01-16 21:20:31.964 | INFO     | __main__:main:53 - I just tried a wedding! It was shocking.
2025-01-16 21:20:34.965 | INFO     | __main__:main:53 - I just loved an app! It was exciting.
2025-01-16 21:20:37.967 | INFO     | __main__:main:53 - I just watched a movie! It was fun.
2025-01-16 21:20:40.969 | INFO     | __main__:main:53 - I just experienced an app! It was fun.
2025-01-16 21:20:43.970 | INFO     | __main__:main:53 - I just watched a story! It was weird.
2025-01-16 21:20:46.971 | INFO     | __main__:main:53 - I just shared a story! It was fun.
2025-01-16 21:20:49.972 | INFO     | __main__:main:53 - I just shared a movie! It was inspiring.
2025-01-16 21:20:52.974 | INFO     | __main__:main:53 - I just experienced an app! It was weird.
2025-01-16 21:20:55.976 | INFO     | __main__:main:53 - I just loved a movie! It was fun.
2025-01-16 21:20:58.977 | INFO     | __main__:main:53 - I just watched a concert! It was exciting.
2025-01-16 21:21:01.978 | INFO     | __main__:main:53 - I just shared a wedding! It was boring.
2025-01-16 21:21:04.979 | INFO     | __main__:main:53 - I just experienced a movie! It was puzzling.
2025-01-16 21:21:07.981 | INFO     | __main__:main:53 - I just shared a story! It was boring.
2025-01-16 21:21:10.982 | INFO     | __main__:main:53 - I just shared a movie! It was boring.
2025-01-16 21:21:13.983 | INFO     | __main__:main:53 - I just shared a story! It was boring.
2025-01-16 21:21:16.985 | INFO     | __main__:main:53 - I just tried a concert! It was fun.
2025-01-16 21:21:19.987 | INFO     | __main__:main:53 - I just loved an app! It was inspiring.
2025-01-16 21:21:22.988 | INFO     | __main__:main:53 - I just watched a concert! It was shocking.
2025-01-16 21:21:25.989 | INFO     | __main__:main:53 - I just shared a concert! It was inspiring.
2025-01-16 21:21:28.990 | INFO     | __main__:main:53 - I just tried a story! It was shocking.
2025-01-16 21:21:31.991 | INFO     | __main__:main:53 - I just watched a movie! It was fun.
2025-01-16 21:21:34.992 | INFO     | __main__:main:53 - I just loved a movie! It was weird.
2025-01-16 21:21:37.994 | INFO     | __main__:main:53 - I just shared a concert! It was boring.
2025-01-16 21:21:40.995 | INFO     | __main__:main:53 - I just experienced a story! It was fun.
2025-01-16 21:21:43.997 | INFO     | __main__:main:53 - I just watched an app! It was weird.
2025-01-16 21:21:46.998 | INFO     | __main__:main:53 - I just watched a concert! It was puzzling.
2025-01-16 21:21:49.999 | INFO     | __main__:main:53 - I just experienced a concert! It was exciting.
2025-01-16 21:21:53.001 | INFO     | __main__:main:53 - I just experienced a wedding! It was boring.
2025-01-16 21:21:56.002 | INFO     | __main__:main:53 - I just watched a movie! It was exciting.
2025-01-16 21:21:59.004 | INFO     | __main__:main:53 - I just tried a movie! It was puzzling.
2025-01-16 21:22:02.005 | INFO     | __main__:main:53 - I just shared a concert! It was shocking.
2025-01-16 21:22:05.007 | INFO     | __main__:main:53 - I just experienced a movie! It was shocking.
2025-01-16 21:22:08.010 | INFO     | __main__:main:53 - I just experienced a movie! It was inspiring.
2025-01-16 21:22:11.011 | INFO     | __main__:main:53 - I just experienced a movie! It was fun.
2025-01-16 21:22:14.013 | INFO     | __main__:main:53 - I just loved a concert! It was fun.
2025-01-16 21:22:17.015 | INFO     | __main__:main:53 - I just shared a movie! It was shocking.
2025-01-16 21:22:20.016 | INFO     | __main__:main:53 - I just loved a wedding! It was boring.
2025-01-16 21:22:23.017 | INFO     | __main__:main:53 - I just watched a wedding! It was weird.
2025-01-16 21:22:26.019 | INFO     | __main__:main:53 - I just tried a wedding! It was boring.
2025-01-16 21:22:29.021 | INFO     | __main__:main:53 - I just loved an app! It was puzzling.
2025-01-16 21:22:32.024 | INFO     | __main__:main:53 - I just shared an app! It was shocking.
2025-01-16 21:22:35.025 | INFO     | __main__:main:53 - I just experienced a story! It was boring.
2025-01-16 21:22:38.028 | INFO     | __main__:main:53 - I just shared a story! It was weird.
2025-01-16 21:22:41.029 | INFO     | __main__:main:53 - I just watched a wedding! It was exciting.
2025-01-16 21:22:44.030 | INFO     | __main__:main:53 - I just tried an app! It was exciting.
2025-01-16 21:22:47.031 | INFO     | __main__:main:53 - I just tried a story! It was exciting.
2025-01-16 21:22:50.033 | INFO     | __main__:main:53 - I just loved an app! It was inspiring.
2025-01-16 21:22:53.034 | INFO     | __main__:main:53 - I just tried a story! It was fun.
2025-01-16 21:22:56.035 | INFO     | __main__:main:53 - I just loved a concert! It was inspiring.
2025-01-16 21:22:59.036 | INFO     | __main__:main:53 - I just loved a concert! It was puzzling.
2025-01-16 21:23:02.038 | INFO     | __main__:main:53 - I just watched a movie! It was exciting.
2025-01-16 21:23:05.039 | INFO     | __main__:main:53 - I just shared a movie! It was shocking.
2025-01-16 21:23:08.040 | INFO     | __main__:main:53 - I just tried a story! It was weird.
2025-01-16 21:23:11.040 | INFO     | __main__:main:53 - I just shared a movie! It was boring.
2025-01-16 21:23:14.042 | INFO     | __main__:main:58 - NOTE: See the `logs` folder to learn more.
2025-01-16 21:23:14.043 | INFO     | __main__:main:59 - END producer.....
